<?xml version="1.0" encoding="UTF-8"?>
<!-- Generated by org.testng.reporters.JUnitXMLReporter -->
<testsuite ignored="0" hostname="DESKTOP-16L34SG" failures="0" tests="6" name="Default test" time="22.076" errors="0" timestamp="2023-11-15T10:41:50 IST">
  <testcase classname="api.test.DDTests" name="testpostuser" time="8.916"/>
  <testcase classname="api.test.DDTests" name="testpostuser" time="1.323"/>
  <testcase classname="api.test.DDTests" name="testpostuser" time="1.232"/>
  <testcase classname="api.test.DDTests" name="testdeleteuser" time="1.371"/>
  <testcase classname="api.test.DDTests" name="testdeleteuser" time="1.236"/>
  <testcase classname="api.test.DDTests" name="testdeleteuser" time="1.258"/>
</testsuite> <!-- Default test -->
