<?xml version="1.0" encoding="UTF-8"?>
<!-- Generated by org.testng.reporters.JUnitXMLReporter -->
<testsuite ignored="0" hostname="DESKTOP-16L34SG" failures="0" tests="4" name="Test" time="12.1" errors="0" timestamp="2023-11-15T13:28:39 IST">
  <testcase classname="api.test.UserTests2" name="testpostuser" time="5.639"/>
  <testcase classname="api.test.UserTests2" name="testgetuser" time="1.241"/>
  <testcase classname="api.test.UserTests2" name="testupdateuser" time="1.238"/>
  <testcase classname="api.test.UserTests2" name="testdeleteuser" time="1.244"/>
</testsuite> <!-- Test -->
