<?xml version="1.0" encoding="UTF-8"?>
<!-- Generated by org.testng.reporters.JUnitXMLReporter -->
<testsuite ignored="0" hostname="DESKTOP-16L34SG" failures="0" tests="4" name="Test" time="16.41" errors="0" timestamp="2023-11-15T22:54:37 IST">
  <testcase classname="api.test.UserTests2" name="testpostuser" time="8.534"/>
  <testcase classname="api.test.UserTests2" name="testgetuser" time="1.834"/>
  <testcase classname="api.test.UserTests2" name="testupdateuser" time="1.444"/>
  <testcase classname="api.test.UserTests2" name="testdeleteuser" time="1.231"/>
</testsuite> <!-- Test -->
