<?xml version="1.0" encoding="UTF-8"?>
<testng-results ignored="0" total="4" passed="4" failed="0" skipped="0">
  <reporter-output>
  </reporter-output>
  <suite started-at="2023-11-15T22:54:20 IST" name="Suite" finished-at="2023-11-15T22:54:37 IST" duration-ms="16410">
    <groups>
    </groups>
    <test started-at="2023-11-15T22:54:20 IST" name="Test" finished-at="2023-11-15T22:54:37 IST" duration-ms="16410">
      <class name="api.test.UserTests2">
        <test-method is-config="true" signature="setupData()[pri:0, instance:api.test.UserTests2@710f4dc7]" started-at="2023-11-15T22:54:21 IST" name="setupData" finished-at="2023-11-15T22:54:23 IST" duration-ms="2455" status="PASS">
          <reporter-output>
          </reporter-output>
        </test-method> <!-- setupData -->
        <test-method signature="testpostuser()[pri:1, instance:api.test.UserTests2@710f4dc7]" started-at="2023-11-15T22:54:23 IST" name="testpostuser" finished-at="2023-11-15T22:54:32 IST" duration-ms="8534" status="PASS">
          <reporter-output>
          </reporter-output>
        </test-method> <!-- testpostuser -->
        <test-method signature="testgetuser()[pri:2, instance:api.test.UserTests2@710f4dc7]" started-at="2023-11-15T22:54:32 IST" name="testgetuser" finished-at="2023-11-15T22:54:34 IST" duration-ms="1834" status="PASS">
          <reporter-output>
          </reporter-output>
        </test-method> <!-- testgetuser -->
        <test-method signature="testupdateuser()[pri:3, instance:api.test.UserTests2@710f4dc7]" started-at="2023-11-15T22:54:34 IST" name="testupdateuser" finished-at="2023-11-15T22:54:35 IST" duration-ms="1444" status="PASS">
          <reporter-output>
          </reporter-output>
        </test-method> <!-- testupdateuser -->
        <test-method signature="testdeleteuser()[pri:4, instance:api.test.UserTests2@710f4dc7]" started-at="2023-11-15T22:54:35 IST" name="testdeleteuser" finished-at="2023-11-15T22:54:37 IST" duration-ms="1231" status="PASS">
          <reporter-output>
          </reporter-output>
        </test-method> <!-- testdeleteuser -->
      </class> <!-- api.test.UserTests2 -->
    </test> <!-- Test -->
  </suite> <!-- Suite -->
</testng-results>
